\BOOKMARK [1][-]{section.1}{\376\377\137\025\212\000}{}% 1
\BOOKMARK [1][-]{section.2}{\376\377\145\160\133\146\136\372\152\041\220\350\122\006}{}% 2
\BOOKMARK [2][-]{subsection.2.1}{\376\377\116\224\162\266\140\001\133\232\116\111\116\016\201\352\122\250\143\250\145\255\211\304\122\031}{section.2}% 3
\BOOKMARK [2][-]{subsection.2.2}{\376\377\123\315\121\262\210\150\116\016\153\143\121\262\210\150\166\204\116\045\150\074\133\232\116\111}{section.2}% 4
\BOOKMARK [2][-]{subsection.2.3}{\376\377\122\250\122\233\133\146\133\232\140\047\136\372\152\041}{section.2}% 5
\BOOKMARK [3][-]{subsubsection.2.3.1}{\376\377\131\032\152\041\140\001\000\040\000L\000I\000P\000M\000\040\145\271\172\013}{subsection.2.3}% 6
\BOOKMARK [3][-]{subsubsection.2.3.2}{\376\377\152\041\140\001\162\151\164\006\133\371\136\224\116\016\145\073\121\373\142\160\122\250}{subsection.2.3}% 7
\BOOKMARK [3][-]{subsubsection.2.3.3}{\376\377\145\073\121\373\145\110\147\234\166\204\145\160\133\146\142\275\214\141}{subsection.2.3}% 8
\BOOKMARK [2][-]{subsection.2.4}{\376\377\116\377\167\037\133\236\232\214\145\271\150\110\377\010\137\205\142\147\210\114\377\011}{section.2}% 9
\BOOKMARK [2][-]{subsection.2.5}{\376\377\145\160\143\156\147\145\156\220\130\360\146\016\116\016\176\323\147\234\134\100\226\120}{section.2}% 10
\BOOKMARK [1][-]{section.3}{\376\377\225\356\230\230\116\000\377\032\145\073\121\373\122\250\117\134\213\304\117\060\116\016\117\030\121\110\220\011\142\351}{}% 11
\BOOKMARK [2][-]{subsection.3.1}{\376\377\145\073\121\373\122\250\117\134\176\374\124\010\145\110\165\050\143\222\136\217}{section.3}% 12
\BOOKMARK [1][-]{section.4}{\376\377\225\356\230\230\116\214\377\032\147\000\117\163\226\062\133\210\122\250\117\134\123\071\221\115}{}% 13
\BOOKMARK [2][-]{subsection.4.1}{\376\377\225\356\230\230\122\006\147\220}{section.4}% 14
\BOOKMARK [2][-]{subsection.4.2}{\376\377\122\250\117\134\136\223\116\016\162\266\140\001\172\172\225\364\133\232\116\111}{section.4}% 15
\BOOKMARK [2][-]{subsection.4.3}{\376\377\226\062\133\210\213\304\117\060\152\041\127\213}{section.4}% 16
\BOOKMARK [2][-]{subsection.4.4}{\376\377\143\007\150\007\123\302\145\160\123\026\133\236\163\260}{section.4}% 17
\BOOKMARK [2][-]{subsection.4.5}{\376\377\123\302\145\160\165\037\142\020\145\271\137\017\213\364\146\016}{section.4}% 18
\BOOKMARK [2][-]{subsection.4.6}{\376\377\123\315\121\373\172\227\123\343\166\204\122\044\133\232\121\306\122\031}{section.4}% 19
\BOOKMARK [2][-]{subsection.4.7}{\376\377\226\062\133\210\122\250\117\134\124\010\154\325\140\047\176\246\147\137}{section.4}% 20
\BOOKMARK [2][-]{subsection.4.8}{\376\377\147\000\117\163\226\062\137\241\123\071\221\115\173\227\154\325}{section.4}% 21
\BOOKMARK [2][-]{subsection.4.9}{\376\377\147\000\117\163\226\062\137\241\123\071\221\115\176\323\147\234}{section.4}% 22
\BOOKMARK [2][-]{subsection.4.10}{\376\377\176\323\147\234\211\304\137\213\122\006\147\220}{section.4}% 23
\BOOKMARK [2][-]{subsection.4.11}{\376\377\147\054\225\356\230\230\176\323\213\272}{section.4}% 24
\BOOKMARK [2][-]{subsection.4.12}{\376\377\152\041\127\213\213\364\146\016\116\016\217\333\116\000\153\145\145\071\217\333\145\271\124\021}{section.4}% 25
\BOOKMARK [1][-]{section.5}{\376\377\225\356\230\230\116\011\377\032\123\125\127\072\172\336\142\200\147\000\117\030\173\126\165\145\152\041\127\213}{}% 26
\BOOKMARK [2][-]{subsection.5.1}{\376\377\225\356\230\230\122\006\147\220}{section.5}% 27
\BOOKMARK [2][-]{subsection.5.2}{\376\377\000M\000D\000P\136\372\152\041}{section.5}% 28
\BOOKMARK [3][-]{subsubsection.5.2.1}{\376\377\162\266\140\001\172\172\225\364}{subsection.5.2}% 29
\BOOKMARK [3][-]{subsubsection.5.2.2}{\376\377\122\250\117\134\172\172\225\364}{subsection.5.2}% 30
\BOOKMARK [3][-]{subsubsection.5.2.3}{\376\377\133\371\142\113\173\126\165\145\136\372\152\041}{subsection.5.2}% 31
\BOOKMARK [3][-]{subsubsection.5.2.4}{\376\377\162\266\140\001\217\154\171\373\147\072\122\066}{subsection.5.2}% 32
\BOOKMARK [2][-]{subsection.5.3}{\376\377\131\126\122\261\121\375\145\160\213\276\213\241}{section.5}% 33
\BOOKMARK [2][-]{subsection.5.4}{\376\377\147\000\117\030\116\367\120\074\121\375\145\160\116\016\215\035\134\024\146\374\145\271\172\013}{section.5}% 34
\BOOKMARK [2][-]{subsection.5.5}{\376\377\116\367\120\074\217\355\116\343\173\227\154\325}{section.5}% 35
\BOOKMARK [2][-]{subsection.5.6}{\376\377\230\316\226\151\120\117\131\175\116\016\157\300\217\333\040\023\117\335\133\210\173\126\165\145\145\317}{section.5}% 36
\BOOKMARK [2][-]{subsection.5.7}{\376\377\147\000\117\163\117\134\142\030\121\263\173\126\145\271\150\110\166\204\176\323\147\204\140\047\211\343\221\312}{section.5}% 37
\BOOKMARK [2][-]{subsection.5.8}{\376\377\147\054\225\356\230\230\176\323\213\272}{section.5}% 38
\BOOKMARK [2][-]{subsection.5.9}{\376\377\152\041\127\213\213\364\146\016\116\016\124\016\176\355\145\071\217\333\145\271\124\021}{section.5}% 39
\BOOKMARK [1][-]{section.6}{\376\377\225\356\230\230\126\333\377\032\123\314\116\272\136\163\127\107\127\072\123\132\137\010\116\013\166\204\215\104\156\220\214\003\136\246}{}% 40
\BOOKMARK [2][-]{subsection.6.1}{\376\377\136\372\152\041\166\356\150\007\116\016\142\151\134\125\162\266\140\001}{section.6}% 41
\BOOKMARK [2][-]{subsection.6.2}{\376\377\122\250\117\134\116\016\217\154\171\373\176\323\147\204}{section.6}% 42
\BOOKMARK [2][-]{subsection.6.3}{\376\377\145\066\166\312\121\375\145\160\116\016\000\040\000B\000O\0003\000\040\166\356\150\007}{section.6}% 43
\BOOKMARK [2][-]{subsection.6.4}{\376\377\136\163\127\107\127\072\123\132\137\010\145\271\172\013}{section.6}% 44
\BOOKMARK [2][-]{subsection.6.5}{\376\377\136\163\127\107\127\072\206\132\142\337\123\132\137\010\154\102\211\343}{section.6}% 45
\BOOKMARK [2][-]{subsection.6.6}{\376\377\133\236\232\214\116\343\170\001\116\016\176\323\147\234\213\373\123\326}{section.6}% 46
\BOOKMARK [2][-]{subsection.6.7}{\376\377\116\016\123\237\152\041\127\213\133\371\153\324}{section.6}% 47
\BOOKMARK [2][-]{subsection.6.8}{\376\377\147\054\225\356\230\230\176\323\213\272}{section.6}% 48
\BOOKMARK [1][-]{section.7}{\376\377\225\356\230\230\116\224\377\032\136\372\152\041\116\016\116\247\116\032\123\321\134\125\166\204\140\035\200\003}{}% 49
\BOOKMARK [1][-]{section.8}{\376\377\133\236\232\214\232\214\213\301}{}% 50
\BOOKMARK [2][-]{subsection.8.1}{\376\377\133\236\232\214\213\276\177\156}{section.8}% 51
\BOOKMARK [2][-]{subsection.8.2}{\376\377\145\073\121\373\122\250\117\134\133\214\145\164\143\222\136\217}{section.8}% 52
\BOOKMARK [2][-]{subsection.8.3}{\376\377\123\125\127\072\173\126\165\145\200\334\163\207\133\371\153\324}{section.8}% 53
\BOOKMARK [2][-]{subsection.8.4}{\376\377\215\104\156\220\214\003\136\246\000B\000O\0003\200\334\163\207}{section.8}% 54
\BOOKMARK [1][-]{section.9}{\376\377\176\323\213\272}{}% 55
\BOOKMARK [1][-]{appendix.A}{\376\377\226\104\137\125\116\000\377\032\0001\0003\171\315\145\073\121\373\122\250\117\134}{}% 56
\BOOKMARK [1][-]{appendix.B}{\376\377\226\104\137\125\116\214\377\032\0002\0002\171\315\226\062\133\210\122\250\117\134}{}% 57
\BOOKMARK [1][-]{appendix.C}{\376\377\226\104\137\125\116\011\377\032\133\214\145\164\226\062\137\241\123\071\221\115\210\150\377\010\144\130\137\125\377\011}{}% 58
